<?xml version="1.0" encoding="UTF-8"?>
<!-- Generated by org.testng.reporters.JUnitReportReporter -->
<testsuite hostname="DESKTOP-3FFEOHO" failures="0" tests="5" name="Annotations" time="0.026" errors="0" timestamp="2022-03-07T08:55:49 IST" skipped="0">
  <testcase classname="Annotations" name="f" time="0.007"/>
  <system-out/>
  <testcase classname="Annotations" name="testCase02" time="0.001"/>
  <system-out/>
  <testcase classname="Annotations" name="testCase04" time="0.006"/>
  <system-out/>
  <testcase classname="Annotations" name="testCase01" time="0.007"/>
  <system-out/>
  <testcase classname="Annotations" name="testCase03" time="0.005"/>
  <system-out/>
</testsuite> <!-- Annotations -->
