<?xml version="1.0" encoding="UTF-8"?>
<!-- Generated by org.testng.reporters.JUnitReportReporter -->
<testsuite hostname="DESKTOP-3FFEOHO" failures="0" tests="2" name="BasicCommand" time="0.008" errors="0" timestamp="2022-03-07T17:24:28 IST" skipped="0">
  <testcase classname="BasicCommand" name="testCase01" time="0.007"/>
  <system-out/>
  <testcase classname="BasicCommand" name="testCase02" time="0.001"/>
  <system-out/>
</testsuite> <!-- BasicCommand -->
