<?xml version="1.0" encoding="UTF-8"?>
<!-- Generated by org.testng.reporters.JUnitReportReporter -->
<testsuite hostname="DESKTOP-3FFEOHO" failures="0" tests="3" name="DataProviderBasics" time="0.011" errors="0" timestamp="2022-03-07T08:37:40 IST" skipped="0">
  <testcase classname="DataProviderBasics" name="f" time="0.003"/>
  <system-out/>
  <testcase classname="DataProviderBasics" name="f" time="0.006"/>
  <system-out/>
  <testcase classname="DataProviderBasics" name="f" time="0.002"/>
  <system-out/>
</testsuite> <!-- DataProviderBasics -->
